<?xml version="1.0" encoding="utf-8"?><testsuites name="pytest tests"><testsuite name="pytest" errors="0" failures="0" skipped="0" tests="20" time="3.488" timestamp="2026-05-05T20:43:45.473737+00:00" hostname="agent-env-e33ca316-ef1e-47d0-90e4-42fffe2cb86f"><testcase classname="backend.tests.test_parlance.TestAuth" name="test_register_new_user" time="0.263" /><testcase classname="backend.tests.test_parlance.TestAuth" name="test_login_admin" time="0.153" /><testcase classname="backend.tests.test_parlance.TestAuth" name="test_login_invalid" time="0.075" /><testcase classname="backend.tests.test_parlance.TestAuth" name="test_get_me" time="0.224" /><testcase classname="backend.tests.test_parlance.TestAuth" name="test_brute_force_protection" time="0.459" /><testcase classname="backend.tests.test_parlance.TestChannels" name="test_list_my_channels" time="0.082" /><testcase classname="backend.tests.test_parlance.TestChannels" name="test_default_channels_exist" time="0.080" /><testcase classname="backend.tests.test_parlance.TestChannels" name="test_create_channel" time="0.077" /><testcase classname="backend.tests.test_parlance.TestChannels" name="test_channel_members" time="0.152" /><testcase classname="backend.tests.test_parlance.TestChannels" name="test_channel_messages" time="0.245" /><testcase classname="backend.tests.test_parlance.TestMessages" name="test_send_message_to_channel" time="0.192" /><testcase classname="backend.tests.test_parlance.TestMessages" name="test_reaction_to_message" time="0.239" /><testcase classname="backend.tests.test_parlance.TestDM" name="test_list_dms" time="0.069" /><testcase classname="backend.tests.test_parlance.TestUsers" name="test_search_users" time="0.077" /><testcase classname="backend.tests.test_parlance.TestUsers" name="test_presence" time="0.073" /><testcase classname="backend.tests.test_parlance.TestUsers" name="test_update_profile" time="0.142" /><testcase classname="backend.tests.test_parlance.TestGroups" name="test_list_groups" time="0.079" /><testcase classname="backend.tests.test_parlance.TestGroups" name="test_create_group" time="0.241" /><testcase classname="backend.tests.test_parlance.TestLogout" name="test_logout" time="0.306" /><testcase classname="backend.tests.test_parlance.TestWebSocket" name="test_ws_connect_and_message" time="0.160" /></testsuite></testsuites>