<?xml version="1.0" encoding="utf-8"?><testsuites name="pytest tests"><testsuite name="pytest" errors="0" failures="0" skipped="0" tests="15" time="3.062" timestamp="2026-05-05T19:53:28.925350+00:00" hostname="agent-env-e33ca316-ef1e-47d0-90e4-42fffe2cb86f"><testcase classname="backend.tests.test_parlance.TestAuth" name="test_register_new_user" time="0.493" /><testcase classname="backend.tests.test_parlance.TestAuth" name="test_login_admin" time="0.293" /><testcase classname="backend.tests.test_parlance.TestAuth" name="test_login_invalid" time="0.068" /><testcase classname="backend.tests.test_parlance.TestAuth" name="test_get_me" time="0.374" /><testcase classname="backend.tests.test_parlance.TestAuth" name="test_brute_force_protection" time="0.424" /><testcase classname="backend.tests.test_parlance.TestChannels" name="test_list_my_channels" time="0.078" /><testcase classname="backend.tests.test_parlance.TestChannels" name="test_default_channels_exist" time="0.071" /><testcase classname="backend.tests.test_parlance.TestChannels" name="test_create_channel" time="0.069" /><testcase classname="backend.tests.test_parlance.TestChannels" name="test_channel_members" time="0.151" /><testcase classname="backend.tests.test_parlance.TestChannels" name="test_channel_messages" time="0.207" /><testcase classname="backend.tests.test_parlance.TestMessages" name="test_send_message_to_channel" time="0.138" /><testcase classname="backend.tests.test_parlance.TestMessages" name="test_reaction_to_message" time="0.236" /><testcase classname="backend.tests.test_parlance.TestDM" name="test_list_dms" time="0.081" /><testcase classname="backend.tests.test_parlance.TestUsers" name="test_search_users" time="0.068" /><testcase classname="backend.tests.test_parlance.TestUsers" name="test_presence" time="0.108" /></testsuite></testsuites>